<?xml version="1.0" encoding="UTF-8"?>
<!-- Generated by org.testng.reporters.JUnitReportReporter -->
<testsuite hostname="DESKTOP-5B0C80I" failures="0" tests="1" name="Test.Sample" time="12.444" errors="0" timestamp="2024-11-28T12:00:54 IST" skipped="0">
  <testcase classname="Test.Sample" name="sampleTest" time="12.444"/>
</testsuite> <!-- Test.Sample -->
