<?xml version="1.0" encoding="UTF-8"?>
<!-- Generated by org.testng.reporters.JUnitReportReporter -->
<testsuite hostname="DESKTOP-5B0C80I" failures="0" tests="1" name="test.NaptolPersonaliseSearch" time="26.390" errors="0" timestamp="2024-12-08T19:15:15 IST" skipped="0">
  <testcase classname="test.NaptolPersonaliseSearch" name="addMultipleProductToCartAndRemoveToCartAndByPersonaliseSearch" time="26.390"/>
</testsuite> <!-- test.NaptolPersonaliseSearch -->
